Feb 08 19:14 : config: option 'device' on line 13 was not recognized
Feb 08 19:14 : update: added /Bilionera.mp3
Feb 08 19:14 : update: added /Coming Home.mp3
Feb 08 19:14 : update: added /Lil Nas X - Old Town Road.mp3
Feb 08 19:14 : update: added /Something Just Like This.mp3
Feb 08 19:14 : update: added /death bed.mp3
Feb 08 19:14 : update: added /Eenie Meenie Cover By Ray.mp3
Feb 08 19:14 : update: added /Jaymes Young - Infinity.mp3
Feb 08 19:14 : update: added /Enslaved.mp3
Feb 08 19:14 : update: added /crown.mp3
Feb 08 19:14 : update: added /The Nights - Angie Cover.mp3
Feb 08 19:14 : update: added /Marian Hill - Down.mp3
Feb 08 19:14 : update: added /Bad Liar.mp3
Feb 08 19:14 : update: added /Adam Maniac Remix.mp3
Feb 08 19:14 : update: added /Way Back Home.mp3
Feb 08 19:14 : update: added /Halsey - Without Me.mp3
Feb 08 19:14 : update: added /Rockstar.mp3
Feb 08 19:14 : update: added /Dancin.mp3
Feb 08 19:14 : update: added /Sugar Brownies.mp3
Feb 08 19:14 : update: added /On The Floor.mp3
Feb 08 19:14 : update: added /Get You The Moon.mp3
Feb 08 19:14 : update: added /One Direction - Night Changes.mp3
Feb 08 19:14 : update: added /Lovin' Every Minute .mp3
Feb 08 19:14 : update: added /Memories.mp3
Feb 08 19:14 : update: added /Falling.mp3
Feb 08 19:14 : update: added /1,2,3.mp3
Feb 08 19:14 : update: added /Let Me Down Slowly.mp3
Feb 08 19:14 : update: added /In The End.mp3
Feb 08 19:14 : update: added /Savage Love.mp3
Feb 08 19:14 : update: added /Slow Mage - I Just Died In Your Arms (slowed + reverb).mp3
Feb 08 19:14 : update: added /Chris Brown - Under The Influence.mp3
Feb 08 19:14 : update: added /Dance Monkey.mp3
Feb 08 19:14 : update: added /Queen of Hearts.mp3
Feb 08 19:14 : update: added /Gangsta s Paradise.mp3
Feb 08 19:14 : update: added /Andro - Isa.mp3
Feb 08 19:14 : update: added /I Feel It Coming.mp3
Feb 08 19:14 : update: added /Moral of the Story.mp3
Feb 08 19:14 : update: added /Lullaby of Woe.mp3
Feb 08 19:14 : update: added /Need Your Love.mp3
Feb 08 19:14 : update: added /Little Do You Know.mp3
Feb 08 19:14 : update: added /Love Is Gone.mp3
Feb 08 19:14 : update: added /Safari.mp3
Feb 08 19:14 : update: added /Slow Motion.mp3
Feb 08 19:14 : update: added /The Nights.mp3
Feb 08 19:14 : update: added /Mr.Kitty - After Dark.mp3
Feb 08 19:14 : update: added /Becky G - Shower.mp3
Feb 08 19:14 : update: added /As It Was.mp3
Feb 08 19:14 : update: added /Dandelions Slowed.mp3
Feb 08 19:14 : update: added /Pastlives.mp3
Feb 08 19:14 : update: added /you were there for me.mp3
Feb 08 19:14 : update: added /Play Date.mp3
Feb 08 19:14 : update: added /All That Glitters.mp3
Feb 08 19:14 : update: added /Shawn Mendes - Señorita.mp3
Feb 08 19:14 : update: added /Orasaadha.mp3
Feb 08 19:14 : update: added /Can We Kiss Forever.mp3
Feb 08 19:14 : update: added /Love Story.mp3
Feb 08 19:14 : update: added /Ed Sheeran - Photograph.mp3
Feb 08 19:14 : update: added /Nobody Cares.mp3
Feb 08 19:14 : update: added /Arcade.mp3
Feb 08 19:14 : update: added /Numb Little Bug.mp3
Feb 08 19:14 : update: added /At My Worst.mp3
Feb 08 19:14 : update: added /Stereo Hearts.mp3
Feb 08 19:14 : update: added /DJ Snake - Let Me Love You.mp3
Feb 08 19:14 : update: added /You re Somebody Else.mp3
Feb 08 19:14 : update: added /Marshmello - FRIENDS.mp3
Feb 08 19:14 : update: added /Dua Lipa - Levitating.mp3
Feb 08 19:14 : update: added /Glimpse of Us.mp3
Feb 08 19:14 : update: added /Dandelions.mp3
Feb 08 19:14 : update: added /Heat Waves.mp3
Feb 08 19:14 : update: added /Faded.mp3
Feb 08 19:14 : update: added /Charlie_Puth_We_Don't_Talk_Anymore.mp3
Feb 08 19:14 : update: added /Love Yourself.mp3
Feb 08 19:14 : update: added /Rockaby.mp3
Feb 08 19:14 : update: added /Broken Angel.mp3
Feb 08 19:14 : update: added /Don t Let Me Down.mp3
Feb 08 19:14 : update: added /Unstoppable.mp3
Feb 08 19:14 : update: added /Tiësto - The Business.mp3
Feb 08 19:14 : update: added /Stay.mp3
Feb 08 19:14 : update: added /MIDDLE OF THE NIGHT.mp3
Feb 08 19:14 : update: added /In the Name of Love.mp3
Feb 08 19:14 : update: added /Loi - Blinding Lights.mp3
Feb 08 19:14 : update: added /Charlie Puth - Attention.mp3
Feb 08 19:14 : update: added /Runaway.mp3
Feb 08 19:14 : update: added /Dusk Till Dawn.mp3
Feb 08 19:14 : update: added /Justin Bieber - Baby.mp3
Feb 08 19:14 : update: added /Replay.mp3
Feb 08 19:14 : update: added /Running Up That Hill.mp3
Feb 08 19:14 : update: added /Blinding Lights.mp3
Feb 08 19:14 : update: added /Why Do I_.mp3
Feb 08 19:14 : update: added /CKay - love nwantiti (ah ah ah).mp3
Feb 08 19:14 : update: added /Lovely.mp3
Feb 08 19:14 : update: added /Stereo Love.mp3
Feb 08 19:14 : update: added /Tiësto - 10 35.mp3
Feb 08 19:14 : update: added /August Diaries.mp3
Feb 08 19:14 : update: added /Maroon 5 - Animals.mp3
Feb 08 19:14 : exception: Failed to open /home/shadow/.config/mpd/playlists: No such file or directory
Feb 08 19:14 : exception: Failed to open /home/shadow/.config/mpd/playlists: No such file or directory
Feb 08 19:16 : player: played "Pastlives.mp3"
Feb 08 19:20 : player: played "Replay.mp3"
Feb 08 19:20 : player: played "The Nights - Angie Cover.mp3"
Feb 08 19:23 : player: played "Tiësto - 10 35.mp3"
Feb 08 19:25 : player: played "Lil Nas X - Old Town Road.mp3"
Feb 08 19:28 : player: played "Marian Hill - Down.mp3"
Feb 08 19:32 : player: played "Blinding Lights.mp3"
Feb 08 19:35 : player: played "All That Glitters.mp3"
Feb 08 19:39 : player: played "Maroon 5 - Animals.mp3"
Feb 08 19:42 : player: played "Arcade.mp3"
Feb 08 19:45 : player: played "As It Was.mp3"
Feb 08 19:49 : player: played "Charlie Puth - Attention.mp3"
Feb 08 19:52 : player: played "August Diaries.mp3"
Feb 08 19:56 : player: played "Rockstar.mp3"
Feb 08 21:39 : player: played "Orasaadha.mp3"
Feb 08 21:42 : player: played "Loi - Blinding Lights.mp3"
Feb 08 21:45 : player: played "Broken Angel.mp3"
Feb 08 21:48 : player: played "Can We Kiss Forever.mp3"
Feb 08 22:00 : player: played "CKay - love nwantiti (ah ah ah).mp3"
Feb 08 22:03 : player: played "Play Date.mp3"
Feb 08 22:06 : player: played "Dancin.mp3"
Feb 08 22:11 : player: played "Dandelions Slowed.mp3"
Feb 08 22:33 : player: played "death bed.mp3"
Feb 08 22:36 : player: played "Don t Let Me Down.mp3"
Feb 08 22:40 : player: played "Heat Waves.mp3"
Feb 08 22:55 : player: played "DJ Snake - Let Me Love You.mp3"
Feb 08 22:59 : player: played "Enslaved.mp3"
Feb 08 23:03 : player: played "Faded.mp3"
Feb 08 23:06 : player: played "1,2,3.mp3"
Feb 08 23:10 : player: played "Jaymes Young - Infinity.mp3"
Feb 08 23:14 : player: played "Dusk Till Dawn.mp3"
Feb 08 23:18 : player: played "One Direction - Night Changes.mp3"
Feb 08 23:21 : player: played "Marshmello - FRIENDS.mp3"
Feb 08 23:25 : player: played "Dua Lipa - Levitating.mp3"
Feb 08 23:29 : player: played "Gangsta s Paradise.mp3"
Feb 08 23:32 : player: played "Get You The Moon.mp3"
Feb 08 23:36 : player: played "Glimpse of Us.mp3"
Feb 08 23:38 : player: played "Falling.mp3"
Feb 08 23:43 : player: played "Running Up That Hill.mp3"
Feb 08 23:47 : player: played "In The End.mp3"
Feb 08 23:50 : player: played "In the Name of Love.mp3"
Feb 08 23:53 : player: played "Chris Brown - Under The Influence.mp3"
Feb 08 23:56 : player: played "Little Do You Know.mp3"
Feb 08 23:59 : player: played "Let Me Down Slowly.mp3"
Feb 09 00:02 : player: played "Love Is Gone.mp3"
Feb 09 00:05 : player: played "Lovely.mp3"
Feb 09 00:08 : player: played "Lovin' Every Minute .mp3"
Feb 09 00:11 : player: played "Lullaby of Woe.mp3"
Feb 09 00:14 : player: played "Memories.mp3"
Feb 09 00:17 : player: played "MIDDLE OF THE NIGHT.mp3"
Feb 09 00:20 : player: played "Adam Maniac Remix.mp3"
Feb 09 00:22 : player: played "Andro - Isa.mp3"
Feb 09 00:24 : player: played "Moral of the Story.mp3"
Feb 09 21:33 : config: option 'device' on line 13 was not recognized
Feb 10 00:03 : player: played "Moral of the Story.mp3"
Feb 10 16:54 : config: option 'device' on line 13 was not recognized
Feb 10 17:52 : player: played "Moral of the Story.mp3"
Feb 10 21:50 : config: option 'device' on line 13 was not recognized
Feb 10 21:54 : player: played "Justin Bieber - Baby.mp3"
Feb 10 22:10 : player: played "Charlie_Puth_We_Don't_Talk_Anymore.mp3"
Feb 10 22:17 : player: played "Nobody Cares.mp3"
Feb 10 22:22 : player: played "Love Story.mp3"
Feb 10 22:40 : player: played "Numb Little Bug.mp3"
Feb 10 22:45 : player: played "Bad Liar.mp3"
Feb 10 22:49 : player: played "Love Yourself.mp3"
Feb 10 22:52 : player: played "Queen of Hearts.mp3"
Feb 10 22:56 : player: played "Rockaby.mp3"
